<?xml version="1.0" encoding="UTF-8"?>
<!-- Generated by org.testng.reporters.JUnitReportReporter -->
<testsuite hostname="DESKTOP-ROECGEC" name="RegistrationAndAuthentication.PageTerminalXRegistrationTest" tests="2" failures="0" timestamp="28 Aug 2022 12:04:45 GMT" time="13.676" errors="0">
  <testcase name="testcase4" time="6.786" classname="RegistrationAndAuthentication.PageTerminalXRegistrationTest"/>
  <testcase name="testcase3" time="6.890" classname="RegistrationAndAuthentication.PageTerminalXRegistrationTest"/>
</testsuite> <!-- RegistrationAndAuthentication.PageTerminalXRegistrationTest -->
