<?xml version="1.0" encoding="UTF-8"?>
<!-- Generated by org.testng.reporters.JUnitReportReporter -->
<testsuite hostname="DESKTOP-ROECGEC" name="Search.Page_6_TerminalXSearchTest" tests="3" failures="0" timestamp="1 Sep 2022 15:39:06 GMT" time="40.054" errors="0">
  <testcase name="testcase1" time="7.525" classname="Search.Page_6_TerminalXSearchTest"/>
  <testcase name="testcase2" time="16.334" classname="Search.Page_6_TerminalXSearchTest"/>
  <testcase name="testcase3" time="16.195" classname="Search.Page_6_TerminalXSearchTest"/>
</testsuite> <!-- Search.Page_6_TerminalXSearchTest -->
