<?xml version="1.0" encoding="UTF-8"?>
<!-- Generated by org.testng.reporters.JUnitReportReporter -->
<testsuite hostname="DESKTOP-ROECGEC" name="ShoppingCart.pageTerminalXShoppingCartTest" tests="5" failures="0" timestamp="1 Sep 2022 09:49:50 GMT" time="68.264" errors="0">
  <testcase name="tastcase1" time="38.186" classname="ShoppingCart.pageTerminalXShoppingCartTest"/>
  <testcase name="tastcase5" time="10.507" classname="ShoppingCart.pageTerminalXShoppingCartTest"/>
  <testcase name="tastcase3" time="0.120" classname="ShoppingCart.pageTerminalXShoppingCartTest"/>
  <testcase name="tastcase2" time="15.627" classname="ShoppingCart.pageTerminalXShoppingCartTest"/>
  <testcase name="tastcase4" time="3.824" classname="ShoppingCart.pageTerminalXShoppingCartTest"/>
</testsuite> <!-- ShoppingCart.pageTerminalXShoppingCartTest -->
