<?xml version="1.0" encoding="UTF-8"?>
<!-- Generated by org.testng.reporters.JUnitReportReporter -->
<testsuite hostname="DESKTOP-ROECGEC" name="RegistrationAndAuthentication.Page_3_TerminalXLogoutTest" tests="1" failures="0" timestamp="1 Sep 2022 15:39:06 GMT" time="3.733" errors="0">
  <testcase name="testcase1" time="3.733" classname="RegistrationAndAuthentication.Page_3_TerminalXLogoutTest"/>
</testsuite> <!-- RegistrationAndAuthentication.Page_3_TerminalXLogoutTest -->
