<?xml version="1.0" encoding="UTF-8"?>
<!-- Generated by org.testng.reporters.JUnitReportReporter -->
<testsuite hostname="DESKTOP-ROECGEC" name="Search.pageTerminalXSearchTest" tests="3" failures="0" timestamp="1 Sep 2022 07:39:53 GMT" time="38.122" errors="0">
  <testcase name="testcase1" time="5.760" classname="Search.pageTerminalXSearchTest"/>
  <testcase name="testcase3" time="16.106" classname="Search.pageTerminalXSearchTest"/>
  <testcase name="testcase2" time="16.256" classname="Search.pageTerminalXSearchTest"/>
</testsuite> <!-- Search.pageTerminalXSearchTest -->
