<?xml version="1.0" encoding="UTF-8"?>
<!-- Generated by org.testng.reporters.JUnitReportReporter -->
<testsuite hostname="DESKTOP-ROECGEC" name="RegistrationAndAuthentication.Page_2_TerminalXLoginTest" tests="6" failures="0" timestamp="1 Sep 2022 15:39:06 GMT" time="58.104" errors="0">
  <testcase name="testcase6" time="12.400" classname="RegistrationAndAuthentication.Page_2_TerminalXLoginTest"/>
  <testcase name="testcase4" time="9.464" classname="RegistrationAndAuthentication.Page_2_TerminalXLoginTest"/>
  <testcase name="testcase3" time="8.720" classname="RegistrationAndAuthentication.Page_2_TerminalXLoginTest"/>
  <testcase name="testcase2" time="8.739" classname="RegistrationAndAuthentication.Page_2_TerminalXLoginTest"/>
  <testcase name="testcase5" time="9.244" classname="RegistrationAndAuthentication.Page_2_TerminalXLoginTest"/>
  <testcase name="testcase1" time="9.537" classname="RegistrationAndAuthentication.Page_2_TerminalXLoginTest"/>
</testsuite> <!-- RegistrationAndAuthentication.Page_2_TerminalXLoginTest -->
