<?xml version="1.0" encoding="UTF-8"?>
<!-- Generated by org.testng.reporters.JUnitReportReporter -->
<testsuite hostname="DESKTOP-ROECGEC" name="RegistrationAndAuthentication.PageTerminalXLoginTest" tests="6" failures="0" timestamp="28 Aug 2022 11:24:27 GMT" time="52.881" errors="0">
  <testcase name="testcase3" time="7.231" classname="RegistrationAndAuthentication.PageTerminalXLoginTest"/>
  <testcase name="testcase2" time="7.202" classname="RegistrationAndAuthentication.PageTerminalXLoginTest"/>
  <testcase name="testcase4" time="8.794" classname="RegistrationAndAuthentication.PageTerminalXLoginTest"/>
  <testcase name="testcase1" time="7.521" classname="RegistrationAndAuthentication.PageTerminalXLoginTest"/>
  <testcase name="testcase5" time="8.514" classname="RegistrationAndAuthentication.PageTerminalXLoginTest"/>
  <testcase name="testcase6" time="13.619" classname="RegistrationAndAuthentication.PageTerminalXLoginTest"/>
</testsuite> <!-- RegistrationAndAuthentication.PageTerminalXLoginTest -->
