<?xml version="1.0" encoding="UTF-8"?>
<!-- Generated by org.testng.reporters.JUnitReportReporter -->
<testsuite hostname="DESKTOP-ROECGEC" name="Suite3_Search.Page_5_TerminalXFilterTest" tests="6" failures="0" timestamp="4 Sep 2022 06:35:57 GMT" time="180.386" errors="0">
  <testcase name="testcase2" time="29.271" classname="Suite3_Search.Page_5_TerminalXFilterTest"/>
  <testcase name="testcase5" time="31.320" classname="Suite3_Search.Page_5_TerminalXFilterTest"/>
  <testcase name="testcase6" time="33.763" classname="Suite3_Search.Page_5_TerminalXFilterTest"/>
  <testcase name="testcase4" time="34.948" classname="Suite3_Search.Page_5_TerminalXFilterTest"/>
  <testcase name="testcase1" time="18.810" classname="Suite3_Search.Page_5_TerminalXFilterTest"/>
  <testcase name="testcase3" time="32.274" classname="Suite3_Search.Page_5_TerminalXFilterTest"/>
</testsuite> <!-- Suite3_Search.Page_5_TerminalXFilterTest -->
