<?xml version="1.0" encoding="UTF-8"?>
<!-- Generated by org.testng.reporters.JUnitReportReporter -->
<testsuite hostname="DESKTOP-ROECGEC" name="RegistrationAndAuthentication.PageTerminalXLogoutTest" tests="1" failures="0" timestamp="28 Aug 2022 09:05:44 GMT" time="3.543" errors="0">
  <testcase name="testcase1" time="3.543" classname="RegistrationAndAuthentication.PageTerminalXLogoutTest"/>
</testsuite> <!-- RegistrationAndAuthentication.PageTerminalXLogoutTest -->
