<?xml version="1.0" encoding="UTF-8"?>
<!-- Generated by org.testng.reporters.JUnitReportReporter -->
<testsuite hostname="DESKTOP-ROECGEC" name="Suite2_ShoppingCart.Page_7_TerminalXShoppingCartTest" tests="5" failures="0" timestamp="4 Sep 2022 06:35:57 GMT" time="81.843" errors="0">
  <testcase name="tastcase4" time="3.509" classname="Suite2_ShoppingCart.Page_7_TerminalXShoppingCartTest"/>
  <testcase name="tastcase3" time="1.683" classname="Suite2_ShoppingCart.Page_7_TerminalXShoppingCartTest"/>
  <testcase name="tastcase1" time="26.546" classname="Suite2_ShoppingCart.Page_7_TerminalXShoppingCartTest"/>
  <testcase name="tastcase5" time="10.574" classname="Suite2_ShoppingCart.Page_7_TerminalXShoppingCartTest"/>
  <testcase name="tastcase2" time="39.531" classname="Suite2_ShoppingCart.Page_7_TerminalXShoppingCartTest"/>
</testsuite> <!-- Suite2_ShoppingCart.Page_7_TerminalXShoppingCartTest -->
