<?xml version="1.0" encoding="UTF-8"?>
<!-- Generated by org.testng.reporters.JUnitReportReporter -->
<testsuite hostname="DESKTOP-ROECGEC" name="Search.Page_5_TerminalXFilterTest" tests="6" failures="0" timestamp="1 Sep 2022 16:10:58 GMT" time="192.248" errors="0">
  <testcase name="testcase6" time="36.379" classname="Search.Page_5_TerminalXFilterTest"/>
  <testcase name="testcase1" time="23.649" classname="Search.Page_5_TerminalXFilterTest"/>
  <testcase name="testcase4" time="31.455" classname="Search.Page_5_TerminalXFilterTest"/>
  <testcase name="testcase2" time="32.997" classname="Search.Page_5_TerminalXFilterTest"/>
  <testcase name="testcase5" time="32.119" classname="Search.Page_5_TerminalXFilterTest"/>
  <testcase name="testcase3" time="35.649" classname="Search.Page_5_TerminalXFilterTest"/>
</testsuite> <!-- Search.Page_5_TerminalXFilterTest -->
