<?xml version="1.0" encoding="UTF-8"?>
<!-- Generated by org.testng.reporters.JUnitReportReporter -->
<testsuite hostname="DESKTOP-ROECGEC" name="RegistrationAndAuthentication.PageEbayLoginTest" tests="1" failures="0" timestamp="28 Aug 2022 08:16:34 GMT" time="9.613" errors="0">
  <testcase name="testcase6" time="9.613" classname="RegistrationAndAuthentication.PageEbayLoginTest"/>
</testsuite> <!-- RegistrationAndAuthentication.PageEbayLoginTest -->
