<?xml version="1.0" encoding="UTF-8"?>
<!-- Generated by org.testng.reporters.JUnitReportReporter -->
<testsuite hostname="DESKTOP-ROECGEC" name="Suite1_RegistrationAndAuthentication.Page_3_TerminalXLogoutTest" tests="1" failures="0" timestamp="4 Sep 2022 06:35:57 GMT" time="2.156" errors="0">
  <testcase name="testcase1" time="2.156" classname="Suite1_RegistrationAndAuthentication.Page_3_TerminalXLogoutTest"/>
</testsuite> <!-- Suite1_RegistrationAndAuthentication.Page_3_TerminalXLogoutTest -->
