<?xml version="1.0" encoding="UTF-8"?>
<!-- Generated by org.testng.reporters.JUnitReportReporter -->
<testsuite hostname="DESKTOP-ROECGEC" name="ShoppingCart.Page_7_TerminalXShoppingCartTest" tests="5" failures="0" timestamp="1 Sep 2022 15:39:06 GMT" time="60.592" errors="0">
  <testcase name="tastcase3" time="0.741" classname="ShoppingCart.Page_7_TerminalXShoppingCartTest"/>
  <testcase name="tastcase4" time="2.384" classname="ShoppingCart.Page_7_TerminalXShoppingCartTest"/>
  <testcase name="tastcase2" time="26.085" classname="ShoppingCart.Page_7_TerminalXShoppingCartTest"/>
  <testcase name="tastcase5" time="10.556" classname="ShoppingCart.Page_7_TerminalXShoppingCartTest"/>
  <testcase name="tastcase1" time="20.826" classname="ShoppingCart.Page_7_TerminalXShoppingCartTest"/>
</testsuite> <!-- ShoppingCart.Page_7_TerminalXShoppingCartTest -->
