<?xml version="1.0" encoding="UTF-8"?>
<!-- Generated by org.testng.reporters.JUnitReportReporter -->
<testsuite hostname="DESKTOP-ROECGEC" name="Suite3_Search.Page_6_TerminalXSearchTest" tests="3" failures="0" timestamp="4 Sep 2022 06:35:57 GMT" time="39.544" errors="0">
  <testcase name="testcase3" time="16.698" classname="Suite3_Search.Page_6_TerminalXSearchTest"/>
  <testcase name="testcase2" time="16.433" classname="Suite3_Search.Page_6_TerminalXSearchTest"/>
  <testcase name="testcase1" time="6.413" classname="Suite3_Search.Page_6_TerminalXSearchTest"/>
</testsuite> <!-- Suite3_Search.Page_6_TerminalXSearchTest -->
