<?xml version="1.0" encoding="UTF-8"?>
<!-- Generated by org.testng.reporters.JUnitReportReporter -->
<testsuite hostname="DESKTOP-ROECGEC" name="Suite1_RegistrationAndAuthentication.Page_2_TerminalXLoginTest" tests="6" failures="0" timestamp="4 Sep 2022 06:35:57 GMT" time="46.702" errors="0">
  <testcase name="testcase2" time="7.440" classname="Suite1_RegistrationAndAuthentication.Page_2_TerminalXLoginTest"/>
  <testcase name="testcase4" time="6.616" classname="Suite1_RegistrationAndAuthentication.Page_2_TerminalXLoginTest"/>
  <testcase name="testcase5" time="6.525" classname="Suite1_RegistrationAndAuthentication.Page_2_TerminalXLoginTest"/>
  <testcase name="testcase6" time="11.910" classname="Suite1_RegistrationAndAuthentication.Page_2_TerminalXLoginTest"/>
  <testcase name="testcase1" time="7.224" classname="Suite1_RegistrationAndAuthentication.Page_2_TerminalXLoginTest"/>
  <testcase name="testcase3" time="6.987" classname="Suite1_RegistrationAndAuthentication.Page_2_TerminalXLoginTest"/>
</testsuite> <!-- Suite1_RegistrationAndAuthentication.Page_2_TerminalXLoginTest -->
