<?xml version="1.0" encoding="UTF-8"?>
<!-- Generated by org.testng.reporters.JUnitReportReporter -->
<testsuite hostname="DESKTOP-ROECGEC" name="RegistrationAndAuthentication.PageEbayRegistrationTest" tests="1" failures="0" timestamp="25 Aug 2022 11:01:02 GMT" time="13.242" errors="0">
  <testcase name="testcase14" time="13.242" classname="RegistrationAndAuthentication.PageEbayRegistrationTest"/>
</testsuite> <!-- RegistrationAndAuthentication.PageEbayRegistrationTest -->
