<?xml version="1.0" encoding="UTF-8"?>
<!-- Generated by org.testng.reporters.JUnitReportReporter -->
<testsuite skipped="0" hostname="DESKTOP-ROECGEC" name="RegistrationAndAuthentication.PageEbayRegistrationTest" tests="1" failures="0" timestamp="2022-08-23T13:07:42 IDT" time="7.647" errors="0">
  <testcase name="testcase1" time="7.647" classname="RegistrationAndAuthentication.PageEbayRegistrationTest"/>
  <system-out/>
</testsuite> <!-- RegistrationAndAuthentication.PageEbayRegistrationTest -->
